WARNING:root:memory at critical limit!
WARNING:root:You better clean your hard drive sir!
WARNING:root:memory at critical limit!
WARNING:root:You better clean your hard drive sir!
WARNING:root:memory at critical limit!
WARNING:root:You better clean your hard drive sir!
WARNING:root:Cpu usage is to high!
WARNING:root:memory at critical limit!
WARNING:root:You better clean your hard drive sir!
WARNING:root:Cpu usage is to high!
WARNING:root:memory at critical limit!
WARNING:root:You better clean your hard drive sir!
2025-10-01 20:35:53,565, WARNING, Cpu usage is to high!
2025-10-01 20:35:54,567, WARNING, memory at critical limit!
2025-10-01 20:35:54,568, WARNING, You better clean your hard drive sir!
2025-10-01 20:35:57,570, WARNING, memory at critical limit!
2025-10-01 20:35:57,571, WARNING, You better clean your hard drive sir!
2025-10-01 20:35:59,571, WARNING, Cpu usage is to high!
2025-10-01 20:36:00,573, WARNING, memory at critical limit!
2025-10-01 20:36:00,573, WARNING, You better clean your hard drive sir!
